{"C:\\Users\\Hp\\OneDrive\\Desktop\\sweet-shop-management\\backend\\src\\app.js": {"path":"C:\\Users\\Hp\\OneDrive\\Desktop\\sweet-shop-management\\backend\\src\\app.js","statementMap":{"0":{"start":{"line":6,"column":12},"end":{"line":6,"column":21}},"1":{"start":{"line":8,"column":0},"end":{"line":8,"column":16}},"2":{"start":{"line":9,"column":0},"end":{"line":9,"column":24}},"3":{"start":{"line":12,"column":0},"end":{"line":14,"column":3}},"4":{"start":{"line":13,"column":2},"end":{"line":13,"column":58}},"5":{"start":{"line":17,"column":0},"end":{"line":17,"column":33}},"6":{"start":{"line":18,"column":0},"end":{"line":18,"column":37}}},"fnMap":{"0":{"name":"(anonymous_0)","decl":{"start":{"line":12,"column":13},"end":{"line":12,"column":14}},"loc":{"start":{"line":12,"column":27},"end":{"line":14,"column":1}},"line":12}},"branchMap":{},"s":{"0":2,"1":2,"2":2,"3":2,"4":0,"5":2,"6":2},"f":{"0":0},"b":{},"inputSourceMap":null,"_coverageSchema":"1a1c01bbd47fc00a2c39e90264f33305004495a9","hash":"9e2ea432efb3aad8eaf2e87fbf8dd043c1610748"}
,"C:\\Users\\Hp\\OneDrive\\Desktop\\sweet-shop-management\\backend\\src\\db.js": {"path":"C:\\Users\\Hp\\OneDrive\\Desktop\\sweet-shop-management\\backend\\src\\db.js","statementMap":{"0":{"start":{"line":3,"column":17},"end":{"line":3,"column":20}},"1":{"start":{"line":6,"column":13},"end":{"line":9,"column":2}}},"fnMap":{},"branchMap":{},"s":{"0":2,"1":2},"f":{},"b":{},"inputSourceMap":null,"_coverageSchema":"1a1c01bbd47fc00a2c39e90264f33305004495a9","hash":"33d4d79bc6024d5626922f28b159575fbe8d8015"}
,"C:\\Users\\Hp\\OneDrive\\Desktop\\sweet-shop-management\\backend\\src\\controllers\\auth.controller.js": {"path":"C:\\Users\\Hp\\OneDrive\\Desktop\\sweet-shop-management\\backend\\src\\controllers\\auth.controller.js","statementMap":{"0":{"start":{"line":7,"column":2},"end":{"line":24,"column":3}},"1":{"start":{"line":8,"column":38},"end":{"line":8,"column":46}},"2":{"start":{"line":10,"column":4},"end":{"line":12,"column":5}},"3":{"start":{"line":11,"column":6},"end":{"line":11,"column":74}},"4":{"start":{"line":14,"column":25},"end":{"line":14,"column":53}},"5":{"start":{"line":15,"column":4},"end":{"line":17,"column":5}},"6":{"start":{"line":16,"column":6},"end":{"line":16,"column":70}},"7":{"start":{"line":19,"column":17},"end":{"line":19,"column":56}},"8":{"start":{"line":20,"column":4},"end":{"line":20,"column":76}},"9":{"start":{"line":22,"column":4},"end":{"line":22,"column":44}},"10":{"start":{"line":23,"column":4},"end":{"line":23,"column":63}},"11":{"start":{"line":28,"column":2},"end":{"line":59,"column":1}},"12":{"start":{"line":29,"column":32},"end":{"line":29,"column":40}},"13":{"start":{"line":31,"column":4},"end":{"line":33,"column":5}},"14":{"start":{"line":32,"column":6},"end":{"line":32,"column":82}},"15":{"start":{"line":35,"column":17},"end":{"line":35,"column":45}},"16":{"start":{"line":36,"column":4},"end":{"line":36,"column":74}},"17":{"start":{"line":36,"column":15},"end":{"line":36,"column":74}},"18":{"start":{"line":38,"column":20},"end":{"line":38,"column":65}},"19":{"start":{"line":39,"column":4},"end":{"line":39,"column":82}},"20":{"start":{"line":39,"column":18},"end":{"line":39,"column":82}},"21":{"start":{"line":41,"column":18},"end":{"line":45,"column":5}},"22":{"start":{"line":47,"column":4},"end":{"line":51,"column":7}},"23":{"start":{"line":57,"column":2},"end":{"line":57,"column":49}},"24":{"start":{"line":58,"column":2},"end":{"line":58,"column":51}}},"fnMap":{"0":{"name":"register","decl":{"start":{"line":6,"column":22},"end":{"line":6,"column":30}},"loc":{"start":{"line":6,"column":41},"end":{"line":25,"column":1}},"line":6},"1":{"name":"login","decl":{"start":{"line":27,"column":22},"end":{"line":27,"column":27}},"loc":{"start":{"line":27,"column":38},"end":{"line":61,"column":1}},"line":27}},"branchMap":{"0":{"loc":{"start":{"line":10,"column":4},"end":{"line":12,"column":5}},"type":"if","locations":[{"start":{"line":10,"column":4},"end":{"line":12,"column":5}},{"start":{},"end":{}}],"line":10},"1":{"loc":{"start":{"line":10,"column":8},"end":{"line":10,"column":36}},"type":"binary-expr","locations":[{"start":{"line":10,"column":8},"end":{"line":10,"column":13}},{"start":{"line":10,"column":17},"end":{"line":10,"column":23}},{"start":{"line":10,"column":27},"end":{"line":10,"column":36}}],"line":10},"2":{"loc":{"start":{"line":15,"column":4},"end":{"line":17,"column":5}},"type":"if","locations":[{"start":{"line":15,"column":4},"end":{"line":17,"column":5}},{"start":{},"end":{}}],"line":15},"3":{"loc":{"start":{"line":31,"column":4},"end":{"line":33,"column":5}},"type":"if","locations":[{"start":{"line":31,"column":4},"end":{"line":33,"column":5}},{"start":{},"end":{}}],"line":31},"4":{"loc":{"start":{"line":31,"column":8},"end":{"line":31,"column":27}},"type":"binary-expr","locations":[{"start":{"line":31,"column":8},"end":{"line":31,"column":14}},{"start":{"line":31,"column":18},"end":{"line":31,"column":27}}],"line":31},"5":{"loc":{"start":{"line":36,"column":4},"end":{"line":36,"column":74}},"type":"if","locations":[{"start":{"line":36,"column":4},"end":{"line":36,"column":74}},{"start":{},"end":{}}],"line":36},"6":{"loc":{"start":{"line":39,"column":4},"end":{"line":39,"column":82}},"type":"if","locations":[{"start":{"line":39,"column":4},"end":{"line":39,"column":82}},{"start":{},"end":{}}],"line":39}},"s":{"0":3,"1":3,"2":3,"3":0,"4":3,"5":3,"6":1,"7":2,"8":2,"9":0,"10":0,"11":2,"12":2,"13":2,"14":0,"15":2,"16":2,"17":0,"18":2,"19":2,"20":0,"21":2,"22":2,"23":0,"24":0},"f":{"0":3,"1":2},"b":{"0":[0,3],"1":[3,3,3],"2":[1,2],"3":[0,2],"4":[2,2],"5":[0,2],"6":[0,2]},"inputSourceMap":null,"_coverageSchema":"1a1c01bbd47fc00a2c39e90264f33305004495a9","hash":"896cfa5e6ecdf73db5f021c592a85846381150b1"}
,"C:\\Users\\Hp\\OneDrive\\Desktop\\sweet-shop-management\\backend\\src\\controllers\\sweets.controller.js": {"path":"C:\\Users\\Hp\\OneDrive\\Desktop\\sweet-shop-management\\backend\\src\\controllers\\sweets.controller.js","statementMap":{"0":{"start":{"line":12,"column":2},"end":{"line":22,"column":3}},"1":{"start":{"line":13,"column":48},"end":{"line":13,"column":56}},"2":{"start":{"line":14,"column":4},"end":{"line":15,"column":70}},"3":{"start":{"line":15,"column":6},"end":{"line":15,"column":70}},"4":{"start":{"line":17,"column":18},"end":{"line":17,"column":65}},"5":{"start":{"line":18,"column":4},"end":{"line":18,"column":60}},"6":{"start":{"line":20,"column":4},"end":{"line":20,"column":41}},"7":{"start":{"line":21,"column":4},"end":{"line":21,"column":63}},"8":{"start":{"line":26,"column":2},"end":{"line":31,"column":3}},"9":{"start":{"line":27,"column":19},"end":{"line":27,"column":39}},"10":{"start":{"line":28,"column":4},"end":{"line":28,"column":21}},"11":{"start":{"line":30,"column":4},"end":{"line":30,"column":63}},"12":{"start":{"line":35,"column":2},"end":{"line":40,"column":3}},"13":{"start":{"line":36,"column":19},"end":{"line":36,"column":48}},"14":{"start":{"line":37,"column":4},"end":{"line":37,"column":21}},"15":{"start":{"line":39,"column":4},"end":{"line":39,"column":55}},"16":{"start":{"line":44,"column":2},"end":{"line":51,"column":3}},"17":{"start":{"line":45,"column":19},"end":{"line":45,"column":29}},"18":{"start":{"line":46,"column":48},"end":{"line":46,"column":56}},"19":{"start":{"line":47,"column":18},"end":{"line":47,"column":72}},"20":{"start":{"line":48,"column":4},"end":{"line":48,"column":50}},"21":{"start":{"line":50,"column":4},"end":{"line":50,"column":55}},"22":{"start":{"line":55,"column":2},"end":{"line":60,"column":3}},"23":{"start":{"line":56,"column":4},"end":{"line":56,"column":37}},"24":{"start":{"line":57,"column":4},"end":{"line":57,"column":43}},"25":{"start":{"line":59,"column":4},"end":{"line":59,"column":55}},"26":{"start":{"line":64,"column":2},"end":{"line":71,"column":3}},"27":{"start":{"line":65,"column":18},"end":{"line":65,"column":52}},"28":{"start":{"line":66,"column":4},"end":{"line":67,"column":77}},"29":{"start":{"line":67,"column":6},"end":{"line":67,"column":77}},"30":{"start":{"line":68,"column":4},"end":{"line":68,"column":56}},"31":{"start":{"line":70,"column":4},"end":{"line":70,"column":57}},"32":{"start":{"line":75,"column":2},"end":{"line":81,"column":3}},"33":{"start":{"line":76,"column":20},"end":{"line":76,"column":28}},"34":{"start":{"line":77,"column":18},"end":{"line":77,"column":56}},"35":{"start":{"line":78,"column":4},"end":{"line":78,"column":59}},"36":{"start":{"line":80,"column":4},"end":{"line":80,"column":56}}},"fnMap":{"0":{"name":"createSweet","decl":{"start":{"line":11,"column":22},"end":{"line":11,"column":33}},"loc":{"start":{"line":11,"column":44},"end":{"line":23,"column":1}},"line":11},"1":{"name":"getSweets","decl":{"start":{"line":25,"column":22},"end":{"line":25,"column":31}},"loc":{"start":{"line":25,"column":42},"end":{"line":32,"column":1}},"line":25},"2":{"name":"search","decl":{"start":{"line":34,"column":22},"end":{"line":34,"column":28}},"loc":{"start":{"line":34,"column":39},"end":{"line":41,"column":1}},"line":34},"3":{"name":"update","decl":{"start":{"line":43,"column":22},"end":{"line":43,"column":28}},"loc":{"start":{"line":43,"column":39},"end":{"line":52,"column":1}},"line":43},"4":{"name":"remove","decl":{"start":{"line":54,"column":22},"end":{"line":54,"column":28}},"loc":{"start":{"line":54,"column":39},"end":{"line":61,"column":1}},"line":54},"5":{"name":"purchase","decl":{"start":{"line":63,"column":22},"end":{"line":63,"column":30}},"loc":{"start":{"line":63,"column":41},"end":{"line":72,"column":1}},"line":63},"6":{"name":"restock","decl":{"start":{"line":74,"column":22},"end":{"line":74,"column":29}},"loc":{"start":{"line":74,"column":40},"end":{"line":82,"column":1}},"line":74}},"branchMap":{"0":{"loc":{"start":{"line":14,"column":4},"end":{"line":15,"column":70}},"type":"if","locations":[{"start":{"line":14,"column":4},"end":{"line":15,"column":70}},{"start":{},"end":{}}],"line":14},"1":{"loc":{"start":{"line":14,"column":8},"end":{"line":14,"column":49}},"type":"binary-expr","locations":[{"start":{"line":14,"column":8},"end":{"line":14,"column":13}},{"start":{"line":14,"column":17},"end":{"line":14,"column":26}},{"start":{"line":14,"column":30},"end":{"line":14,"column":36}},{"start":{"line":14,"column":40},"end":{"line":14,"column":49}}],"line":14},"2":{"loc":{"start":{"line":66,"column":4},"end":{"line":67,"column":77}},"type":"if","locations":[{"start":{"line":66,"column":4},"end":{"line":67,"column":77}},{"start":{},"end":{}}],"line":66}},"s":{"0":1,"1":1,"2":1,"3":0,"4":1,"5":1,"6":0,"7":0,"8":1,"9":1,"10":1,"11":0,"12":0,"13":0,"14":0,"15":0,"16":0,"17":0,"18":0,"19":0,"20":0,"21":0,"22":0,"23":0,"24":0,"25":0,"26":1,"27":1,"28":1,"29":0,"30":1,"31":0,"32":1,"33":1,"34":1,"35":1,"36":0},"f":{"0":1,"1":1,"2":0,"3":0,"4":0,"5":1,"6":1},"b":{"0":[0,1],"1":[1,1,1,1],"2":[0,1]},"inputSourceMap":null,"_coverageSchema":"1a1c01bbd47fc00a2c39e90264f33305004495a9","hash":"b55e93b3658848f26c7477d05d994a0d36597f46"}
,"C:\\Users\\Hp\\OneDrive\\Desktop\\sweet-shop-management\\backend\\src\\middleware\\auth.js": {"path":"C:\\Users\\Hp\\OneDrive\\Desktop\\sweet-shop-management\\backend\\src\\middleware\\auth.js","statementMap":{"0":{"start":{"line":5,"column":21},"end":{"line":5,"column":46}},"1":{"start":{"line":6,"column":2},"end":{"line":8,"column":3}},"2":{"start":{"line":7,"column":4},"end":{"line":7,"column":66}},"3":{"start":{"line":10,"column":16},"end":{"line":10,"column":40}},"4":{"start":{"line":11,"column":2},"end":{"line":17,"column":3}},"5":{"start":{"line":12,"column":20},"end":{"line":12,"column":61}},"6":{"start":{"line":13,"column":4},"end":{"line":13,"column":23}},"7":{"start":{"line":14,"column":4},"end":{"line":14,"column":11}},"8":{"start":{"line":16,"column":4},"end":{"line":16,"column":73}},"9":{"start":{"line":21,"column":2},"end":{"line":23,"column":3}},"10":{"start":{"line":22,"column":4},"end":{"line":22,"column":70}},"11":{"start":{"line":24,"column":2},"end":{"line":24,"column":9}}},"fnMap":{"0":{"name":"verifyToken","decl":{"start":{"line":4,"column":16},"end":{"line":4,"column":27}},"loc":{"start":{"line":4,"column":44},"end":{"line":18,"column":1}},"line":4},"1":{"name":"requireAdmin","decl":{"start":{"line":20,"column":16},"end":{"line":20,"column":28}},"loc":{"start":{"line":20,"column":45},"end":{"line":25,"column":1}},"line":20}},"branchMap":{"0":{"loc":{"start":{"line":6,"column":2},"end":{"line":8,"column":3}},"type":"if","locations":[{"start":{"line":6,"column":2},"end":{"line":8,"column":3}},{"start":{},"end":{}}],"line":6},"1":{"loc":{"start":{"line":6,"column":6},"end":{"line":6,"column":54}},"type":"binary-expr","locations":[{"start":{"line":6,"column":6},"end":{"line":6,"column":17}},{"start":{"line":6,"column":21},"end":{"line":6,"column":54}}],"line":6},"2":{"loc":{"start":{"line":21,"column":2},"end":{"line":23,"column":3}},"type":"if","locations":[{"start":{"line":21,"column":2},"end":{"line":23,"column":3}},{"start":{},"end":{}}],"line":21}},"s":{"0":4,"1":4,"2":0,"3":4,"4":4,"5":4,"6":4,"7":4,"8":0,"9":2,"10":0,"11":2},"f":{"0":4,"1":2},"b":{"0":[0,4],"1":[4,4],"2":[0,2]},"inputSourceMap":null,"_coverageSchema":"1a1c01bbd47fc00a2c39e90264f33305004495a9","hash":"553d329db50fb3b84df298ccf012d694c3639c63"}
,"C:\\Users\\Hp\\OneDrive\\Desktop\\sweet-shop-management\\backend\\src\\models\\sweets.model.js": {"path":"C:\\Users\\Hp\\OneDrive\\Desktop\\sweet-shop-management\\backend\\src\\models\\sweets.model.js","statementMap":{"0":{"start":{"line":4,"column":17},"end":{"line":8,"column":3}},"1":{"start":{"line":9,"column":2},"end":{"line":9,"column":24}},"2":{"start":{"line":13,"column":17},"end":{"line":13,"column":73}},"3":{"start":{"line":14,"column":2},"end":{"line":14,"column":21}},"4":{"start":{"line":18,"column":14},"end":{"line":18,"column":46}},"5":{"start":{"line":19,"column":17},"end":{"line":19,"column":19}},"6":{"start":{"line":21,"column":2},"end":{"line":24,"column":3}},"7":{"start":{"line":22,"column":4},"end":{"line":22,"column":29}},"8":{"start":{"line":23,"column":4},"end":{"line":23,"column":49}},"9":{"start":{"line":26,"column":2},"end":{"line":29,"column":3}},"10":{"start":{"line":27,"column":4},"end":{"line":27,"column":26}},"11":{"start":{"line":28,"column":4},"end":{"line":28,"column":49}},"12":{"start":{"line":31,"column":2},"end":{"line":34,"column":3}},"13":{"start":{"line":32,"column":4},"end":{"line":32,"column":26}},"14":{"start":{"line":33,"column":4},"end":{"line":33,"column":47}},"15":{"start":{"line":36,"column":2},"end":{"line":39,"column":3}},"16":{"start":{"line":37,"column":4},"end":{"line":37,"column":26}},"17":{"start":{"line":38,"column":4},"end":{"line":38,"column":47}},"18":{"start":{"line":41,"column":17},"end":{"line":41,"column":48}},"19":{"start":{"line":42,"column":2},"end":{"line":42,"column":21}},"20":{"start":{"line":46,"column":17},"end":{"line":49,"column":3}},"21":{"start":{"line":50,"column":2},"end":{"line":50,"column":24}},"22":{"start":{"line":54,"column":2},"end":{"line":54,"column":59}},"23":{"start":{"line":55,"column":2},"end":{"line":55,"column":14}},"24":{"start":{"line":59,"column":17},"end":{"line":62,"column":3}},"25":{"start":{"line":63,"column":2},"end":{"line":63,"column":24}},"26":{"start":{"line":67,"column":17},"end":{"line":70,"column":3}},"27":{"start":{"line":71,"column":2},"end":{"line":71,"column":24}}},"fnMap":{"0":{"name":"addSweet","decl":{"start":{"line":3,"column":22},"end":{"line":3,"column":30}},"loc":{"start":{"line":3,"column":64},"end":{"line":10,"column":1}},"line":3},"1":{"name":"getAllSweets","decl":{"start":{"line":12,"column":22},"end":{"line":12,"column":34}},"loc":{"start":{"line":12,"column":37},"end":{"line":15,"column":1}},"line":12},"2":{"name":"searchSweets","decl":{"start":{"line":17,"column":22},"end":{"line":17,"column":34}},"loc":{"start":{"line":17,"column":75},"end":{"line":43,"column":1}},"line":17},"3":{"name":"updateSweet","decl":{"start":{"line":45,"column":22},"end":{"line":45,"column":33}},"loc":{"start":{"line":45,"column":71},"end":{"line":51,"column":1}},"line":45},"4":{"name":"deleteSweet","decl":{"start":{"line":53,"column":22},"end":{"line":53,"column":33}},"loc":{"start":{"line":53,"column":38},"end":{"line":56,"column":1}},"line":53},"5":{"name":"purchaseSweet","decl":{"start":{"line":58,"column":22},"end":{"line":58,"column":35}},"loc":{"start":{"line":58,"column":40},"end":{"line":64,"column":1}},"line":58},"6":{"name":"restockSweet","decl":{"start":{"line":66,"column":22},"end":{"line":66,"column":34}},"loc":{"start":{"line":66,"column":44},"end":{"line":72,"column":1}},"line":66}},"branchMap":{"0":{"loc":{"start":{"line":21,"column":2},"end":{"line":24,"column":3}},"type":"if","locations":[{"start":{"line":21,"column":2},"end":{"line":24,"column":3}},{"start":{},"end":{}}],"line":21},"1":{"loc":{"start":{"line":26,"column":2},"end":{"line":29,"column":3}},"type":"if","locations":[{"start":{"line":26,"column":2},"end":{"line":29,"column":3}},{"start":{},"end":{}}],"line":26},"2":{"loc":{"start":{"line":31,"column":2},"end":{"line":34,"column":3}},"type":"if","locations":[{"start":{"line":31,"column":2},"end":{"line":34,"column":3}},{"start":{},"end":{}}],"line":31},"3":{"loc":{"start":{"line":36,"column":2},"end":{"line":39,"column":3}},"type":"if","locations":[{"start":{"line":36,"column":2},"end":{"line":39,"column":3}},{"start":{},"end":{}}],"line":36}},"s":{"0":1,"1":1,"2":1,"3":1,"4":0,"5":0,"6":0,"7":0,"8":0,"9":0,"10":0,"11":0,"12":0,"13":0,"14":0,"15":0,"16":0,"17":0,"18":0,"19":0,"20":0,"21":0,"22":0,"23":0,"24":1,"25":1,"26":1,"27":1},"f":{"0":1,"1":1,"2":0,"3":0,"4":0,"5":1,"6":1},"b":{"0":[0,0],"1":[0,0],"2":[0,0],"3":[0,0]},"inputSourceMap":null,"_coverageSchema":"1a1c01bbd47fc00a2c39e90264f33305004495a9","hash":"c1bf778d5b70210ae7f5cf44d8a6395ee95e5dd8"}
,"C:\\Users\\Hp\\OneDrive\\Desktop\\sweet-shop-management\\backend\\src\\models\\user.model.js": {"path":"C:\\Users\\Hp\\OneDrive\\Desktop\\sweet-shop-management\\backend\\src\\models\\user.model.js","statementMap":{"0":{"start":{"line":5,"column":25},"end":{"line":5,"column":56}},"1":{"start":{"line":6,"column":17},"end":{"line":9,"column":3}},"2":{"start":{"line":10,"column":2},"end":{"line":10,"column":24}},"3":{"start":{"line":14,"column":17},"end":{"line":14,"column":82}},"4":{"start":{"line":15,"column":2},"end":{"line":15,"column":24}}},"fnMap":{"0":{"name":"createUser","decl":{"start":{"line":4,"column":22},"end":{"line":4,"column":32}},"loc":{"start":{"line":4,"column":71},"end":{"line":11,"column":1}},"line":4},"1":{"name":"findUserByEmail","decl":{"start":{"line":13,"column":22},"end":{"line":13,"column":37}},"loc":{"start":{"line":13,"column":45},"end":{"line":16,"column":1}},"line":13}},"branchMap":{"0":{"loc":{"start":{"line":4,"column":56},"end":{"line":4,"column":69}},"type":"default-arg","locations":[{"start":{"line":4,"column":63},"end":{"line":4,"column":69}}],"line":4}},"s":{"0":2,"1":2,"2":2,"3":5,"4":5},"f":{"0":2,"1":5},"b":{"0":[2]},"inputSourceMap":null,"_coverageSchema":"1a1c01bbd47fc00a2c39e90264f33305004495a9","hash":"b2ac2cc5d721411c503bd641f179cee8092b85b7"}
,"C:\\Users\\Hp\\OneDrive\\Desktop\\sweet-shop-management\\backend\\src\\routes\\auth.routes.js": {"path":"C:\\Users\\Hp\\OneDrive\\Desktop\\sweet-shop-management\\backend\\src\\routes\\auth.routes.js","statementMap":{"0":{"start":{"line":4,"column":15},"end":{"line":4,"column":31}},"1":{"start":{"line":6,"column":0},"end":{"line":6,"column":35}},"2":{"start":{"line":7,"column":0},"end":{"line":7,"column":29}}},"fnMap":{},"branchMap":{},"s":{"0":2,"1":2,"2":2},"f":{},"b":{},"inputSourceMap":null,"_coverageSchema":"1a1c01bbd47fc00a2c39e90264f33305004495a9","hash":"d1487e11e654393d40d610761bd167b7adb78b0f"}
,"C:\\Users\\Hp\\OneDrive\\Desktop\\sweet-shop-management\\backend\\src\\routes\\sweets.routes.js": {"path":"C:\\Users\\Hp\\OneDrive\\Desktop\\sweet-shop-management\\backend\\src\\routes\\sweets.routes.js","statementMap":{"0":{"start":{"line":13,"column":15},"end":{"line":13,"column":31}},"1":{"start":{"line":16,"column":0},"end":{"line":16,"column":57}},"2":{"start":{"line":17,"column":0},"end":{"line":17,"column":40}},"3":{"start":{"line":18,"column":0},"end":{"line":18,"column":43}},"4":{"start":{"line":19,"column":0},"end":{"line":19,"column":54}},"5":{"start":{"line":20,"column":0},"end":{"line":20,"column":57}},"6":{"start":{"line":23,"column":0},"end":{"line":23,"column":52}},"7":{"start":{"line":24,"column":0},"end":{"line":24,"column":64}}},"fnMap":{},"branchMap":{},"s":{"0":2,"1":2,"2":2,"3":2,"4":2,"5":2,"6":2,"7":2},"f":{},"b":{},"inputSourceMap":null,"_coverageSchema":"1a1c01bbd47fc00a2c39e90264f33305004495a9","hash":"22df4a095cc5077d0ee982a3f6c402899b77cffc"}
}
