TN:
SF:src\app.js
FN:12,(anonymous_0)
FNF:1
FNH:0
FNDA:0,(anonymous_0)
DA:6,2
DA:8,2
DA:9,2
DA:12,2
DA:13,0
DA:17,2
DA:18,2
LF:7
LH:6
BRF:0
BRH:0
end_of_record
TN:
SF:src\db.js
FNF:0
FNH:0
DA:3,2
DA:6,2
LF:2
LH:2
BRF:0
BRH:0
end_of_record
TN:
SF:src\controllers\auth.controller.js
FN:6,register
FN:27,login
FNF:2
FNH:2
FNDA:3,register
FNDA:2,login
DA:7,3
DA:8,3
DA:10,3
DA:11,0
DA:14,3
DA:15,3
DA:16,1
DA:19,2
DA:20,2
DA:22,0
DA:23,0
DA:28,2
DA:29,2
DA:31,2
DA:32,0
DA:35,2
DA:36,2
DA:38,2
DA:39,2
DA:41,2
DA:47,2
DA:57,0
DA:58,0
LF:23
LH:17
BRDA:10,0,0,0
BRDA:10,0,1,3
BRDA:10,1,0,3
BRDA:10,1,1,3
BRDA:10,1,2,3
BRDA:15,2,0,1
BRDA:15,2,1,2
BRDA:31,3,0,0
BRDA:31,3,1,2
BRDA:31,4,0,2
BRDA:31,4,1,2
BRDA:36,5,0,0
BRDA:36,5,1,2
BRDA:39,6,0,0
BRDA:39,6,1,2
BRF:15
BRH:11
end_of_record
TN:
SF:src\controllers\sweets.controller.js
FN:11,createSweet
FN:25,getSweets
FN:34,search
FN:43,update
FN:54,remove
FN:63,purchase
FN:74,restock
FNF:7
FNH:4
FNDA:1,createSweet
FNDA:1,getSweets
FNDA:0,search
FNDA:0,update
FNDA:0,remove
FNDA:1,purchase
FNDA:1,restock
DA:12,1
DA:13,1
DA:14,1
DA:15,0
DA:17,1
DA:18,1
DA:20,0
DA:21,0
DA:26,1
DA:27,1
DA:28,1
DA:30,0
DA:35,0
DA:36,0
DA:37,0
DA:39,0
DA:44,0
DA:45,0
DA:46,0
DA:47,0
DA:48,0
DA:50,0
DA:55,0
DA:56,0
DA:57,0
DA:59,0
DA:64,1
DA:65,1
DA:66,1
DA:67,0
DA:68,1
DA:70,0
DA:75,1
DA:76,1
DA:77,1
DA:78,1
DA:80,0
LF:37
LH:16
BRDA:14,0,0,0
BRDA:14,0,1,1
BRDA:14,1,0,1
BRDA:14,1,1,1
BRDA:14,1,2,1
BRDA:14,1,3,1
BRDA:66,2,0,0
BRDA:66,2,1,1
BRF:8
BRH:6
end_of_record
TN:
SF:src\middleware\auth.js
FN:4,verifyToken
FN:20,requireAdmin
FNF:2
FNH:2
FNDA:4,verifyToken
FNDA:2,requireAdmin
DA:5,4
DA:6,4
DA:7,0
DA:10,4
DA:11,4
DA:12,4
DA:13,4
DA:14,4
DA:16,0
DA:21,2
DA:22,0
DA:24,2
LF:12
LH:9
BRDA:6,0,0,0
BRDA:6,0,1,4
BRDA:6,1,0,4
BRDA:6,1,1,4
BRDA:21,2,0,0
BRDA:21,2,1,2
BRF:6
BRH:4
end_of_record
TN:
SF:src\models\sweets.model.js
FN:3,addSweet
FN:12,getAllSweets
FN:17,searchSweets
FN:45,updateSweet
FN:53,deleteSweet
FN:58,purchaseSweet
FN:66,restockSweet
FNF:7
FNH:4
FNDA:1,addSweet
FNDA:1,getAllSweets
FNDA:0,searchSweets
FNDA:0,updateSweet
FNDA:0,deleteSweet
FNDA:1,purchaseSweet
FNDA:1,restockSweet
DA:4,1
DA:9,1
DA:13,1
DA:14,1
DA:18,0
DA:19,0
DA:21,0
DA:22,0
DA:23,0
DA:26,0
DA:27,0
DA:28,0
DA:31,0
DA:32,0
DA:33,0
DA:36,0
DA:37,0
DA:38,0
DA:41,0
DA:42,0
DA:46,0
DA:50,0
DA:54,0
DA:55,0
DA:59,1
DA:63,1
DA:67,1
DA:71,1
LF:28
LH:8
BRDA:21,0,0,0
BRDA:21,0,1,0
BRDA:26,1,0,0
BRDA:26,1,1,0
BRDA:31,2,0,0
BRDA:31,2,1,0
BRDA:36,3,0,0
BRDA:36,3,1,0
BRF:8
BRH:0
end_of_record
TN:
SF:src\models\user.model.js
FN:4,createUser
FN:13,findUserByEmail
FNF:2
FNH:2
FNDA:2,createUser
FNDA:5,findUserByEmail
DA:5,2
DA:6,2
DA:10,2
DA:14,5
DA:15,5
LF:5
LH:5
BRDA:4,0,0,2
BRF:1
BRH:1
end_of_record
TN:
SF:src\routes\auth.routes.js
FNF:0
FNH:0
DA:4,2
DA:6,2
DA:7,2
LF:3
LH:3
BRF:0
BRH:0
end_of_record
TN:
SF:src\routes\sweets.routes.js
FNF:0
FNH:0
DA:13,2
DA:16,2
DA:17,2
DA:18,2
DA:19,2
DA:20,2
DA:23,2
DA:24,2
LF:8
LH:8
BRF:0
BRH:0
end_of_record
